Started GET "/" for 127.0.0.1 at 2025-06-13 08:52:30 -0600
  [1m[35m (21.4ms)[0m  [1m[35mCREATE TABLE "schema_migrations" ("version" character varying NOT NULL PRIMARY KEY) /*application='NatalieNews'*/[0m
  [1m[35m (4.4ms)[0m  [1m[35mCREATE TABLE "ar_internal_metadata" ("key" character varying NOT NULL PRIMARY KEY, "value" character varying, "created_at" timestamp(6) NOT NULL, "updated_at" timestamp(6) NOT NULL) /*application='NatalieNews'*/[0m
  [1m[36mActiveRecord::SchemaMigration Load (0.9ms)[0m  [1m[34mSELECT "schema_migrations"."version" FROM "schema_migrations" ORDER BY "schema_migrations"."version" ASC /*application='NatalieNews'*/[0m
Processing by Rails::WelcomeController#index as HTML
  Rendering /Users/nataliedixon/.asdf/installs/ruby/3.4.4/lib/ruby/gems/3.4.0/gems/railties-8.0.2/lib/rails/templates/rails/welcome/index.html.erb
  Rendered /Users/nataliedixon/.asdf/installs/ruby/3.4.4/lib/ruby/gems/3.4.0/gems/railties-8.0.2/lib/rails/templates/rails/welcome/index.html.erb (Duration: 0.3ms | GC: 0.0ms)
Completed 200 OK in 53ms (Views: 3.9ms | ActiveRecord: 0.0ms (0 queries, 0 cached) | GC: 0.3ms)


  [1m[36mActiveRecord::SchemaMigration Load (4.6ms)[0m  [1m[34mSELECT "schema_migrations"."version" FROM "schema_migrations" ORDER BY "schema_migrations"."version" ASC /*application='NatalieNews'*/[0m
  [1m[36mCACHE ActiveRecord::SchemaMigration Load (0.0ms)[0m  [1m[34mSELECT "schema_migrations"."version" FROM "schema_migrations" ORDER BY "schema_migrations"."version" ASC[0m
  [1m[35m (2.1ms)[0m  [1m[34mSELECT pg_try_advisory_lock(476219527351098615) /*application='NatalieNews'*/[0m
  [1m[36mActiveRecord::SchemaMigration Load (14.8ms)[0m  [1m[34mSELECT "schema_migrations"."version" FROM "schema_migrations" ORDER BY "schema_migrations"."version" ASC /*application='NatalieNews'*/[0m
  [1m[36mActiveRecord::InternalMetadata Load (8.4ms)[0m  [1m[34mSELECT * FROM "ar_internal_metadata" WHERE "ar_internal_metadata"."key" = 'environment' ORDER BY "ar_internal_metadata"."key" ASC LIMIT 1 /*application='NatalieNews'*/[0m
  [1m[36mActiveRecord::InternalMetadata Create (4.2ms)[0m  [1m[32mINSERT INTO "ar_internal_metadata" ("key", "value", "created_at", "updated_at") VALUES ('environment', 'development', '2025-06-13 21:41:31.850780', '2025-06-13 21:41:31.850782') RETURNING "key" /*application='NatalieNews'*/[0m
Migrating to CreateArticles (20250613214024)
  [1m[36mTRANSACTION (0.1ms)[0m  [1m[35mBEGIN /*application='NatalieNews'*/[0m
  [1m[35m (21.8ms)[0m  [1m[35mCREATE TABLE "articles" ("id" bigserial primary key, "title" character varying, "url" character varying, "created_at" timestamp(6) NOT NULL, "updated_at" timestamp(6) NOT NULL) /*application='NatalieNews'*/[0m
  [1m[36mActiveRecord::SchemaMigration Create (0.6ms)[0m  [1m[32mINSERT INTO "schema_migrations" ("version") VALUES ('20250613214024') RETURNING "version" /*application='NatalieNews'*/[0m
  [1m[36mTRANSACTION (0.4ms)[0m  [1m[35mCOMMIT /*application='NatalieNews'*/[0m
  [1m[35m (0.4ms)[0m  [1m[34mSELECT pg_advisory_unlock(476219527351098615) /*application='NatalieNews'*/[0m
  [1m[36mActiveRecord::SchemaMigration Load (0.1ms)[0m  [1m[34mSELECT "schema_migrations"."version" FROM "schema_migrations" ORDER BY "schema_migrations"."version" ASC /*application='NatalieNews'*/[0m
Started GET "/" for 127.0.0.1 at 2025-06-13 15:42:11 -0600
  [1m[36mActiveRecord::SchemaMigration Load (1.1ms)[0m  [1m[34mSELECT "schema_migrations"."version" FROM "schema_migrations" ORDER BY "schema_migrations"."version" ASC /*application='NatalieNews'*/[0m
Processing by Rails::WelcomeController#index as HTML
  Rendering /Users/nataliedixon/.asdf/installs/ruby/3.4.4/lib/ruby/gems/3.4.0/gems/railties-8.0.2/lib/rails/templates/rails/welcome/index.html.erb
  Rendered /Users/nataliedixon/.asdf/installs/ruby/3.4.4/lib/ruby/gems/3.4.0/gems/railties-8.0.2/lib/rails/templates/rails/welcome/index.html.erb (Duration: 0.3ms | GC: 0.0ms)
Completed 200 OK in 40ms (Views: 1.7ms | ActiveRecord: 0.0ms (0 queries, 0 cached) | GC: 0.2ms)


Started GET "/" for 127.0.0.1 at 2025-06-13 15:42:16 -0600
Processing by Rails::WelcomeController#index as HTML
  Rendering /Users/nataliedixon/.asdf/installs/ruby/3.4.4/lib/ruby/gems/3.4.0/gems/railties-8.0.2/lib/rails/templates/rails/welcome/index.html.erb
  Rendered /Users/nataliedixon/.asdf/installs/ruby/3.4.4/lib/ruby/gems/3.4.0/gems/railties-8.0.2/lib/rails/templates/rails/welcome/index.html.erb (Duration: 0.3ms | GC: 0.0ms)
Completed 200 OK in 45ms (Views: 1.1ms | ActiveRecord: 0.0ms (0 queries, 0 cached) | GC: 0.0ms)


Started GET "/" for 127.0.0.1 at 2025-06-13 15:50:12 -0600
Processing by Rails::WelcomeController#index as HTML
  Rendering /Users/nataliedixon/.asdf/installs/ruby/3.4.4/lib/ruby/gems/3.4.0/gems/railties-8.0.2/lib/rails/templates/rails/welcome/index.html.erb
  Rendered /Users/nataliedixon/.asdf/installs/ruby/3.4.4/lib/ruby/gems/3.4.0/gems/railties-8.0.2/lib/rails/templates/rails/welcome/index.html.erb (Duration: 1.0ms | GC: 0.0ms)
Completed 200 OK in 31ms (Views: 3.6ms | ActiveRecord: 0.0ms (0 queries, 0 cached) | GC: 0.0ms)


Started GET "/articles" for 127.0.0.1 at 2025-06-13 15:51:04 -0600
Processing by ArticlesController#index as HTML
  Rendering layout layouts/application.html.erb
  Rendering articles/index.html.erb within layouts/application
  [1m[36mArticle Load (209.7ms)[0m  [1m[34mSELECT "articles".* FROM "articles" /*action='index',application='NatalieNews',controller='articles'*/[0m
  ↳ app/views/articles/index.html.erb:8
  Rendered articles/index.html.erb within layouts/application (Duration: 223.2ms | GC: 0.0ms)
  Rendered layout layouts/application.html.erb (Duration: 236.7ms | GC: 0.0ms)
Completed 200 OK in 302ms (Views: -3.3ms | ActiveRecord: 242.4ms (1 query, 0 cached) | GC: 0.0ms)


Started GET "/assets/application-8b441ae0.css" for 127.0.0.1 at 2025-06-13 15:51:05 -0600
Started GET "/articles/new" for 127.0.0.1 at 2025-06-13 15:51:30 -0600
Processing by ArticlesController#new as HTML
  Rendering layout layouts/application.html.erb
  Rendering articles/new.html.erb within layouts/application
  Rendered articles/_form.html.erb (Duration: 31.4ms | GC: 0.0ms)
  Rendered articles/new.html.erb within layouts/application (Duration: 32.6ms | GC: 0.0ms)
  Rendered layout layouts/application.html.erb (Duration: 33.0ms | GC: 0.0ms)
Completed 200 OK in 117ms (Views: 33.4ms | ActiveRecord: 33.4ms (0 queries, 0 cached) | GC: 0.0ms)


Started POST "/articles" for 127.0.0.1 at 2025-06-13 15:52:11 -0600
Processing by ArticlesController#create as HTML
  Parameters: {"authenticity_token" => "[FILTERED]", "article" => {"title" => "natalie's blog", "url" => "https://dixonnataliej.github.io/"}, "commit" => "Create Article"}
  [1m[36mTRANSACTION (0.3ms)[0m  [1m[35mBEGIN /*action='create',application='NatalieNews',controller='articles'*/[0m
  ↳ app/controllers/articles_controller.rb:27:in 'block in ArticlesController#create'
  [1m[36mArticle Create (8.9ms)[0m  [1m[32mINSERT INTO "articles" ("title", "url", "created_at", "updated_at") VALUES ('natalie''s blog', 'https://dixonnataliej.github.io/', '2025-06-13 21:52:11.628778', '2025-06-13 21:52:11.628778') RETURNING "id" /*action='create',application='NatalieNews',controller='articles'*/[0m
  ↳ app/controllers/articles_controller.rb:27:in 'block in ArticlesController#create'
  [1m[36mTRANSACTION (0.4ms)[0m  [1m[35mCOMMIT /*action='create',application='NatalieNews',controller='articles'*/[0m
  ↳ app/controllers/articles_controller.rb:27:in 'block in ArticlesController#create'
Redirected to http://localhost:3000/articles/1
Completed 302 Found in 47ms (ActiveRecord: 9.6ms (1 query, 0 cached) | GC: 0.0ms)


Started GET "/articles/1" for 127.0.0.1 at 2025-06-13 15:52:11 -0600
Processing by ArticlesController#show as HTML
  Parameters: {"id" => "1"}
  [1m[36mArticle Load (0.8ms)[0m  [1m[34mSELECT "articles".* FROM "articles" WHERE "articles"."id" = 1 LIMIT 1 /*action='show',application='NatalieNews',controller='articles'*/[0m
  ↳ app/controllers/articles_controller.rb:63:in 'ArticlesController#set_article'
  Rendering layout layouts/application.html.erb
  Rendering articles/show.html.erb within layouts/application
  Rendered articles/_article.html.erb (Duration: 0.2ms | GC: 0.0ms)
  Rendered articles/show.html.erb within layouts/application (Duration: 3.1ms | GC: 0.0ms)
  Rendered layout layouts/application.html.erb (Duration: 3.4ms | GC: 0.0ms)
Completed 200 OK in 26ms (Views: 3.6ms | ActiveRecord: 0.8ms (1 query, 0 cached) | GC: 0.0ms)


Started GET "/articles/1" for 127.0.0.1 at 2025-06-13 15:53:06 -0600
Processing by ArticlesController#show as HTML
  Parameters: {"id" => "1"}
  [1m[36mArticle Load (1.9ms)[0m  [1m[34mSELECT "articles".* FROM "articles" WHERE "articles"."id" = 1 LIMIT 1 /*action='show',application='NatalieNews',controller='articles'*/[0m
  ↳ app/controllers/articles_controller.rb:63:in 'ArticlesController#set_article'
  Rendering layout layouts/application.html.erb
  Rendering articles/show.html.erb within layouts/application
  Rendered articles/_article.html.erb (Duration: 0.3ms | GC: 0.0ms)
  Rendered articles/show.html.erb within layouts/application (Duration: 3.3ms | GC: 0.0ms)
  Rendered layout layouts/application.html.erb (Duration: 3.7ms | GC: 0.0ms)
Completed 200 OK in 52ms (Views: 4.4ms | ActiveRecord: 1.9ms (1 query, 0 cached) | GC: 0.0ms)


Started GET "/articles/1" for 127.0.0.1 at 2025-06-13 15:53:10 -0600
Processing by ArticlesController#show as HTML
  Parameters: {"id" => "1"}
  [1m[36mArticle Load (3.6ms)[0m  [1m[34mSELECT "articles".* FROM "articles" WHERE "articles"."id" = 1 LIMIT 1 /*action='show',application='NatalieNews',controller='articles'*/[0m
  ↳ app/controllers/articles_controller.rb:63:in 'ArticlesController#set_article'
  Rendering layout layouts/application.html.erb
  Rendering articles/show.html.erb within layouts/application
  Rendered articles/_article.html.erb (Duration: 0.2ms | GC: 0.0ms)
  Rendered articles/show.html.erb within layouts/application (Duration: 2.3ms | GC: 0.0ms)
  Rendered layout layouts/application.html.erb (Duration: 2.7ms | GC: 0.0ms)
Completed 200 OK in 51ms (Views: 3.3ms | ActiveRecord: 3.5ms (1 query, 0 cached) | GC: 0.0ms)


Started GET "/articles" for 127.0.0.1 at 2025-06-13 15:53:51 -0600
Processing by ArticlesController#index as HTML
  Rendering layout layouts/application.html.erb
  Rendering articles/index.html.erb within layouts/application
  [1m[36mArticle Load (2.2ms)[0m  [1m[34mSELECT "articles".* FROM "articles" /*action='index',application='NatalieNews',controller='articles'*/[0m
  ↳ app/views/articles/index.html.erb:8
  Rendered articles/_article.html.erb (Duration: 0.4ms | GC: 0.0ms)
  Rendered articles/index.html.erb within layouts/application (Duration: 9.4ms | GC: 0.0ms)
  Rendered layout layouts/application.html.erb (Duration: 10.0ms | GC: 0.0ms)
Completed 200 OK in 52ms (Views: 9.8ms | ActiveRecord: 2.2ms (1 query, 0 cached) | GC: 0.0ms)


Started GET "/articles/1" for 127.0.0.1 at 2025-06-13 15:53:56 -0600
Processing by ArticlesController#show as HTML
  Parameters: {"id" => "1"}
  [1m[36mArticle Load (0.9ms)[0m  [1m[34mSELECT "articles".* FROM "articles" WHERE "articles"."id" = 1 LIMIT 1 /*action='show',application='NatalieNews',controller='articles'*/[0m
  ↳ app/controllers/articles_controller.rb:63:in 'ArticlesController#set_article'
  Rendering layout layouts/application.html.erb
  Rendering articles/show.html.erb within layouts/application
  Rendered articles/_article.html.erb (Duration: 0.2ms | GC: 0.0ms)
  Rendered articles/show.html.erb within layouts/application (Duration: 2.1ms | GC: 0.0ms)
  Rendered layout layouts/application.html.erb (Duration: 2.6ms | GC: 0.0ms)
Completed 200 OK in 38ms (Views: 3.3ms | ActiveRecord: 0.9ms (1 query, 0 cached) | GC: 0.0ms)


Started GET "/articles" for 127.0.0.1 at 2025-06-13 15:54:28 -0600
Processing by ArticlesController#index as HTML
  Rendering layout layouts/application.html.erb
  Rendering articles/index.html.erb within layouts/application
  [1m[36mArticle Load (1.2ms)[0m  [1m[34mSELECT "articles".* FROM "articles" /*action='index',application='NatalieNews',controller='articles'*/[0m
  ↳ app/views/articles/index.html.erb:8
  Rendered articles/_article.html.erb (Duration: 0.5ms | GC: 0.0ms)
  Rendered articles/index.html.erb within layouts/application (Duration: 12.1ms | GC: 0.0ms)
  Rendered layout layouts/application.html.erb (Duration: 13.6ms | GC: 0.0ms)
Completed 200 OK in 42ms (Views: 13.1ms | ActiveRecord: 1.2ms (1 query, 0 cached) | GC: 0.0ms)


Started GET "/articles/1" for 127.0.0.1 at 2025-06-13 15:54:30 -0600
Processing by ArticlesController#show as HTML
  Parameters: {"id" => "1"}
  [1m[36mArticle Load (0.8ms)[0m  [1m[34mSELECT "articles".* FROM "articles" WHERE "articles"."id" = 1 LIMIT 1 /*action='show',application='NatalieNews',controller='articles'*/[0m
  ↳ app/controllers/articles_controller.rb:63:in 'ArticlesController#set_article'
  Rendering layout layouts/application.html.erb
  Rendering articles/show.html.erb within layouts/application
  Rendered articles/_article.html.erb (Duration: 0.1ms | GC: 0.0ms)
  Rendered articles/show.html.erb within layouts/application (Duration: 1.4ms | GC: 0.0ms)
  Rendered layout layouts/application.html.erb (Duration: 1.8ms | GC: 0.0ms)
Completed 200 OK in 53ms (Views: 2.2ms | ActiveRecord: 0.8ms (1 query, 0 cached) | GC: 0.0ms)


Started GET "/articles" for 127.0.0.1 at 2025-06-13 15:54:36 -0600
Processing by ArticlesController#index as HTML
  Rendering layout layouts/application.html.erb
  Rendering articles/index.html.erb within layouts/application
  [1m[36mArticle Load (0.5ms)[0m  [1m[34mSELECT "articles".* FROM "articles" /*action='index',application='NatalieNews',controller='articles'*/[0m
  ↳ app/views/articles/index.html.erb:8
  Rendered articles/_article.html.erb (Duration: 0.1ms | GC: 0.0ms)
  Rendered articles/index.html.erb within layouts/application (Duration: 3.8ms | GC: 0.0ms)
  Rendered layout layouts/application.html.erb (Duration: 4.3ms | GC: 0.0ms)
Completed 200 OK in 48ms (Views: 4.3ms | ActiveRecord: 0.5ms (1 query, 0 cached) | GC: 0.0ms)


Started GET "/articles/new" for 127.0.0.1 at 2025-06-13 15:54:37 -0600
Processing by ArticlesController#new as HTML
  Rendering layout layouts/application.html.erb
  Rendering articles/new.html.erb within layouts/application
  Rendered articles/_form.html.erb (Duration: 3.2ms | GC: 0.0ms)
  Rendered articles/new.html.erb within layouts/application (Duration: 3.4ms | GC: 0.0ms)
  Rendered layout layouts/application.html.erb (Duration: 3.8ms | GC: 0.0ms)
Completed 200 OK in 53ms (Views: 4.0ms | ActiveRecord: 0.0ms (0 queries, 0 cached) | GC: 0.0ms)


Started POST "/articles" for 127.0.0.1 at 2025-06-13 15:54:42 -0600
Processing by ArticlesController#create as HTML
  Parameters: {"authenticity_token" => "[FILTERED]", "article" => {"title" => "hi", "url" => "hi"}, "commit" => "Create Article"}
  [1m[36mTRANSACTION (0.3ms)[0m  [1m[35mBEGIN /*action='create',application='NatalieNews',controller='articles'*/[0m
  ↳ app/controllers/articles_controller.rb:27:in 'block in ArticlesController#create'
  [1m[36mArticle Create (4.0ms)[0m  [1m[32mINSERT INTO "articles" ("title", "url", "created_at", "updated_at") VALUES ('hi', 'hi', '2025-06-13 21:54:42.203406', '2025-06-13 21:54:42.203406') RETURNING "id" /*action='create',application='NatalieNews',controller='articles'*/[0m
  ↳ app/controllers/articles_controller.rb:27:in 'block in ArticlesController#create'
  [1m[36mTRANSACTION (0.6ms)[0m  [1m[35mCOMMIT /*action='create',application='NatalieNews',controller='articles'*/[0m
  ↳ app/controllers/articles_controller.rb:27:in 'block in ArticlesController#create'
Redirected to http://localhost:3000/articles/2
Completed 302 Found in 54ms (ActiveRecord: 5.0ms (1 query, 0 cached) | GC: 0.0ms)


Started GET "/articles/2" for 127.0.0.1 at 2025-06-13 15:54:42 -0600
Processing by ArticlesController#show as HTML
  Parameters: {"id" => "2"}
  [1m[36mArticle Load (0.4ms)[0m  [1m[34mSELECT "articles".* FROM "articles" WHERE "articles"."id" = 2 LIMIT 1 /*action='show',application='NatalieNews',controller='articles'*/[0m
  ↳ app/controllers/articles_controller.rb:63:in 'ArticlesController#set_article'
  Rendering layout layouts/application.html.erb
  Rendering articles/show.html.erb within layouts/application
  Rendered articles/_article.html.erb (Duration: 0.1ms | GC: 0.0ms)
  Rendered articles/show.html.erb within layouts/application (Duration: 0.7ms | GC: 0.0ms)
  Rendered layout layouts/application.html.erb (Duration: 1.0ms | GC: 0.0ms)
Completed 200 OK in 25ms (Views: 1.3ms | ActiveRecord: 0.3ms (1 query, 0 cached) | GC: 0.0ms)


Started GET "/articles/2" for 127.0.0.1 at 2025-06-13 15:57:00 -0600
Processing by ArticlesController#show as HTML
  Parameters: {"id" => "2"}
  [1m[36mArticle Load (16.7ms)[0m  [1m[34mSELECT "articles".* FROM "articles" WHERE "articles"."id" = 2 LIMIT 1 /*action='show',application='NatalieNews',controller='articles'*/[0m
  ↳ app/controllers/articles_controller.rb:63:in 'ArticlesController#set_article'
  Rendering layout layouts/application.html.erb
  Rendering articles/show.html.erb within layouts/application
  Rendered articles/_article.html.erb (Duration: 0.1ms | GC: 0.0ms)
  Rendered articles/show.html.erb within layouts/application (Duration: 5.3ms | GC: 0.0ms)
  Rendered layout layouts/application.html.erb (Duration: 5.7ms | GC: 0.0ms)
Completed 200 OK in 51ms (Views: 6.3ms | ActiveRecord: 16.7ms (1 query, 0 cached) | GC: 0.0ms)


Started GET "/articles/2" for 127.0.0.1 at 2025-06-13 15:57:01 -0600
Processing by ArticlesController#show as HTML
  Parameters: {"id" => "2"}
  [1m[36mArticle Load (15.9ms)[0m  [1m[34mSELECT "articles".* FROM "articles" WHERE "articles"."id" = 2 LIMIT 1 /*action='show',application='NatalieNews',controller='articles'*/[0m
  ↳ app/controllers/articles_controller.rb:63:in 'ArticlesController#set_article'
  Rendering layout layouts/application.html.erb
  Rendering articles/show.html.erb within layouts/application
  Rendered articles/_article.html.erb (Duration: 0.0ms | GC: 0.0ms)
  Rendered articles/show.html.erb within layouts/application (Duration: 7.1ms | GC: 2.2ms)
  Rendered layout layouts/application.html.erb (Duration: 7.3ms | GC: 2.2ms)
Completed 200 OK in 56ms (Views: 9.1ms | ActiveRecord: 15.9ms (1 query, 0 cached) | GC: 4.5ms)


Started GET "/articles/2" for 127.0.0.1 at 2025-06-13 15:57:01 -0600
Processing by ArticlesController#show as HTML
  Parameters: {"id" => "2"}
  [1m[36mArticle Load (3.3ms)[0m  [1m[34mSELECT "articles".* FROM "articles" WHERE "articles"."id" = 2 LIMIT 1 /*action='show',application='NatalieNews',controller='articles'*/[0m
  ↳ app/controllers/articles_controller.rb:63:in 'ArticlesController#set_article'
  Rendering layout layouts/application.html.erb
  Rendering articles/show.html.erb within layouts/application
  Rendered articles/_article.html.erb (Duration: 0.1ms | GC: 0.0ms)
  Rendered articles/show.html.erb within layouts/application (Duration: 7.0ms | GC: 3.1ms)
  Rendered layout layouts/application.html.erb (Duration: 8.8ms | GC: 4.0ms)
Completed 200 OK in 56ms (Views: 9.1ms | ActiveRecord: 3.3ms (1 query, 0 cached) | GC: 7.9ms)


Started GET "/articles/2" for 127.0.0.1 at 2025-06-13 15:58:02 -0600
  [1m[36mActiveRecord::SchemaMigration Load (2.3ms)[0m  [1m[34mSELECT "schema_migrations"."version" FROM "schema_migrations" ORDER BY "schema_migrations"."version" ASC /*application='NatalieNews'*/[0m
Processing by ArticlesController#show as HTML
  Parameters: {"id" => "2"}
  [1m[36mArticle Load (0.5ms)[0m  [1m[34mSELECT "articles".* FROM "articles" WHERE "articles"."id" = 2 LIMIT 1 /*action='show',application='NatalieNews',controller='articles'*/[0m
  ↳ app/controllers/articles_controller.rb:63:in 'ArticlesController#set_article'
  Rendering layout layouts/application.html.erb
  Rendering articles/show.html.erb within layouts/application
  Rendered articles/_article.html.erb (Duration: 0.1ms | GC: 0.0ms)
  Rendered articles/show.html.erb within layouts/application (Duration: 4.1ms | GC: 0.0ms)
  Rendered layout layouts/application.html.erb (Duration: 6.4ms | GC: 0.0ms)
Completed 200 OK in 96ms (Views: 8.1ms | ActiveRecord: 33.8ms (1 query, 0 cached) | GC: 0.6ms)


Started GET "/articles/2" for 127.0.0.1 at 2025-06-13 15:58:04 -0600
Processing by ArticlesController#show as HTML
  Parameters: {"id" => "2"}
  [1m[36mArticle Load (0.8ms)[0m  [1m[34mSELECT "articles".* FROM "articles" WHERE "articles"."id" = 2 LIMIT 1 /*action='show',application='NatalieNews',controller='articles'*/[0m
  ↳ app/controllers/articles_controller.rb:63:in 'ArticlesController#set_article'
  Rendering layout layouts/application.html.erb
  Rendering articles/show.html.erb within layouts/application
  Rendered articles/_article.html.erb (Duration: 0.1ms | GC: 0.0ms)
  Rendered articles/show.html.erb within layouts/application (Duration: 0.9ms | GC: 0.0ms)
  Rendered layout layouts/application.html.erb (Duration: 1.3ms | GC: 0.0ms)
Completed 200 OK in 42ms (Views: 1.6ms | ActiveRecord: 0.8ms (1 query, 0 cached) | GC: 0.0ms)


Started GET "/" for 127.0.0.1 at 2025-06-13 15:58:07 -0600
Processing by Rails::WelcomeController#index as HTML
  Rendering /Users/nataliedixon/.asdf/installs/ruby/3.4.4/lib/ruby/gems/3.4.0/gems/railties-8.0.2/lib/rails/templates/rails/welcome/index.html.erb
  Rendered /Users/nataliedixon/.asdf/installs/ruby/3.4.4/lib/ruby/gems/3.4.0/gems/railties-8.0.2/lib/rails/templates/rails/welcome/index.html.erb (Duration: 0.6ms | GC: 0.0ms)
Completed 200 OK in 36ms (Views: 1.6ms | ActiveRecord: 0.0ms (0 queries, 0 cached) | GC: 0.0ms)


Started GET "/articles" for 127.0.0.1 at 2025-06-13 15:58:17 -0600
Processing by ArticlesController#index as HTML
  Rendering layout layouts/application.html.erb
  Rendering articles/index.html.erb within layouts/application
  [1m[36mArticle Load (19.8ms)[0m  [1m[34mSELECT "articles".* FROM "articles" /*action='index',application='NatalieNews',controller='articles'*/[0m
  ↳ app/views/articles/index.html.erb:8
  Rendered articles/_article.html.erb (Duration: 0.2ms | GC: 0.0ms)
  Rendered articles/_article.html.erb (Duration: 0.0ms | GC: 0.0ms)
  Rendered articles/index.html.erb within layouts/application (Duration: 25.1ms | GC: 0.0ms)
  Rendered layout layouts/application.html.erb (Duration: 26.0ms | GC: 0.0ms)
Completed 200 OK in 58ms (Views: 6.9ms | ActiveRecord: 19.8ms (1 query, 0 cached) | GC: 0.0ms)


Started GET "/articles/1" for 127.0.0.1 at 2025-06-13 15:58:23 -0600
Processing by ArticlesController#show as HTML
  Parameters: {"id" => "1"}
  [1m[36mArticle Load (1.2ms)[0m  [1m[34mSELECT "articles".* FROM "articles" WHERE "articles"."id" = 1 LIMIT 1 /*action='show',application='NatalieNews',controller='articles'*/[0m
  ↳ app/controllers/articles_controller.rb:63:in 'ArticlesController#set_article'
  Rendering layout layouts/application.html.erb
  Rendering articles/show.html.erb within layouts/application
  Rendered articles/_article.html.erb (Duration: 0.2ms | GC: 0.0ms)
  Rendered articles/show.html.erb within layouts/application (Duration: 2.3ms | GC: 0.0ms)
  Rendered layout layouts/application.html.erb (Duration: 3.0ms | GC: 0.0ms)
Completed 200 OK in 51ms (Views: 3.6ms | ActiveRecord: 1.2ms (1 query, 0 cached) | GC: 0.0ms)


Started GET "/favicon.ico" for 127.0.0.1 at 2025-06-13 15:58:25 -0600
  
ActionController::RoutingError (No route matches [GET] "/favicon.ico"):
  
Started GET "/articles" for 127.0.0.1 at 2025-06-13 16:00:18 -0600
Processing by ArticlesController#index as HTML
  Rendering layout layouts/application.html.erb
  Rendering articles/index.html.erb within layouts/application
  [1m[36mArticle Load (0.8ms)[0m  [1m[34mSELECT "articles".* FROM "articles" /*action='index',application='NatalieNews',controller='articles'*/[0m
  ↳ app/views/articles/index.html.erb:8
  Rendered articles/_article.html.erb (Duration: 0.1ms | GC: 0.0ms)
  Rendered articles/_article.html.erb (Duration: 0.0ms | GC: 0.0ms)
  Rendered articles/index.html.erb within layouts/application (Duration: 4.0ms | GC: 0.0ms)
  Rendered layout layouts/application.html.erb (Duration: 4.7ms | GC: 0.0ms)
Completed 200 OK in 37ms (Views: 4.5ms | ActiveRecord: 0.8ms (1 query, 0 cached) | GC: 0.0ms)


Started GET "/articles" for 127.0.0.1 at 2025-06-13 16:00:19 -0600
Processing by ArticlesController#index as HTML
  Rendering layout layouts/application.html.erb
  Rendering articles/index.html.erb within layouts/application
  [1m[36mArticle Load (0.4ms)[0m  [1m[34mSELECT "articles".* FROM "articles" /*action='index',application='NatalieNews',controller='articles'*/[0m
  ↳ app/views/articles/index.html.erb:8
  Rendered articles/_article.html.erb (Duration: 0.0ms | GC: 0.0ms)
  Rendered articles/_article.html.erb (Duration: 0.0ms | GC: 0.0ms)
  Rendered articles/index.html.erb within layouts/application (Duration: 2.0ms | GC: 0.0ms)
  Rendered layout layouts/application.html.erb (Duration: 2.4ms | GC: 0.0ms)
Completed 200 OK in 48ms (Views: 2.2ms | ActiveRecord: 0.4ms (1 query, 0 cached) | GC: 0.0ms)


Started GET "/articles" for 127.0.0.1 at 2025-06-13 16:00:26 -0600
Processing by ArticlesController#index as HTML
  Rendering layout layouts/application.html.erb
  Rendering articles/index.html.erb within layouts/application
  [1m[36mArticle Load (1.1ms)[0m  [1m[34mSELECT "articles".* FROM "articles" /*action='index',application='NatalieNews',controller='articles'*/[0m
  ↳ app/views/articles/index.html.erb:8
  Rendered articles/_article.html.erb (Duration: 0.1ms | GC: 0.0ms)
  Rendered articles/_article.html.erb (Duration: 0.0ms | GC: 0.0ms)
  Rendered articles/index.html.erb within layouts/application (Duration: 5.2ms | GC: 0.0ms)
  Rendered layout layouts/application.html.erb (Duration: 6.1ms | GC: 0.0ms)
Completed 200 OK in 39ms (Views: 5.7ms | ActiveRecord: 1.0ms (1 query, 0 cached) | GC: 0.0ms)


Started GET "/articles/1" for 127.0.0.1 at 2025-06-13 16:00:30 -0600
Processing by ArticlesController#show as HTML
  Parameters: {"id" => "1"}
  [1m[36mArticle Load (13.7ms)[0m  [1m[34mSELECT "articles".* FROM "articles" WHERE "articles"."id" = 1 LIMIT 1 /*action='show',application='NatalieNews',controller='articles'*/[0m
  ↳ app/controllers/articles_controller.rb:63:in 'ArticlesController#set_article'
  Rendering layout layouts/application.html.erb
  Rendering articles/show.html.erb within layouts/application
  Rendered articles/_article.html.erb (Duration: 0.1ms | GC: 0.0ms)
  Rendered articles/show.html.erb within layouts/application (Duration: 3.7ms | GC: 1.6ms)
  Rendered layout layouts/application.html.erb (Duration: 4.2ms | GC: 1.6ms)
Completed 200 OK in 64ms (Views: 7.2ms | ActiveRecord: 13.6ms (1 query, 0 cached) | GC: 1.6ms)


Started GET "/articles/1/edit" for 127.0.0.1 at 2025-06-13 16:00:33 -0600
Processing by ArticlesController#edit as HTML
  Parameters: {"id" => "1"}
  [1m[36mArticle Load (0.6ms)[0m  [1m[34mSELECT "articles".* FROM "articles" WHERE "articles"."id" = 1 LIMIT 1 /*action='edit',application='NatalieNews',controller='articles'*/[0m
  ↳ app/controllers/articles_controller.rb:63:in 'ArticlesController#set_article'
  Rendering layout layouts/application.html.erb
  Rendering articles/edit.html.erb within layouts/application
  Rendered articles/_form.html.erb (Duration: 12.9ms | GC: 0.6ms)
  Rendered articles/edit.html.erb within layouts/application (Duration: 14.4ms | GC: 0.6ms)
  Rendered layout layouts/application.html.erb (Duration: 14.7ms | GC: 0.6ms)
Completed 200 OK in 64ms (Views: 14.9ms | ActiveRecord: 0.6ms (1 query, 0 cached) | GC: 0.6ms)


Started PATCH "/articles/1" for 127.0.0.1 at 2025-06-13 16:00:35 -0600
Processing by ArticlesController#update as HTML
  Parameters: {"authenticity_token" => "[FILTERED]", "article" => {"title" => "natalie's blog", "url" => "https://dixonnataliej.github.io/"}, "commit" => "Update Article", "id" => "1"}
  [1m[36mArticle Load (1.0ms)[0m  [1m[34mSELECT "articles".* FROM "articles" WHERE "articles"."id" = 1 LIMIT 1 /*action='update',application='NatalieNews',controller='articles'*/[0m
  ↳ app/controllers/articles_controller.rb:63:in 'ArticlesController#set_article'
Redirected to http://localhost:3000/articles/1
Completed 302 Found in 41ms (ActiveRecord: 1.0ms (1 query, 0 cached) | GC: 0.3ms)


Started GET "/articles/1" for 127.0.0.1 at 2025-06-13 16:00:35 -0600
Processing by ArticlesController#show as HTML
  Parameters: {"id" => "1"}
  [1m[36mArticle Load (0.4ms)[0m  [1m[34mSELECT "articles".* FROM "articles" WHERE "articles"."id" = 1 LIMIT 1 /*action='show',application='NatalieNews',controller='articles'*/[0m
  ↳ app/controllers/articles_controller.rb:63:in 'ArticlesController#set_article'
  Rendering layout layouts/application.html.erb
  Rendering articles/show.html.erb within layouts/application
  Rendered articles/_article.html.erb (Duration: 0.0ms | GC: 0.0ms)
  Rendered articles/show.html.erb within layouts/application (Duration: 0.7ms | GC: 0.0ms)
  Rendered layout layouts/application.html.erb (Duration: 1.0ms | GC: 0.0ms)
Completed 200 OK in 28ms (Views: 1.3ms | ActiveRecord: 0.4ms (1 query, 0 cached) | GC: 0.0ms)


Started GET "/articles" for 127.0.0.1 at 2025-06-13 16:00:36 -0600
Processing by ArticlesController#index as HTML
  Rendering layout layouts/application.html.erb
  Rendering articles/index.html.erb within layouts/application
  [1m[36mArticle Load (0.4ms)[0m  [1m[34mSELECT "articles".* FROM "articles" /*action='index',application='NatalieNews',controller='articles'*/[0m
  ↳ app/views/articles/index.html.erb:8
  Rendered articles/_article.html.erb (Duration: 0.0ms | GC: 0.0ms)
  Rendered articles/_article.html.erb (Duration: 0.0ms | GC: 0.0ms)
  Rendered articles/index.html.erb within layouts/application (Duration: 2.9ms | GC: 0.5ms)
  Rendered layout layouts/application.html.erb (Duration: 3.3ms | GC: 0.5ms)
Completed 200 OK in 54ms (Views: 3.3ms | ActiveRecord: 0.4ms (1 query, 0 cached) | GC: 0.5ms)


Started GET "/articles" for 127.0.0.1 at 2025-06-13 16:00:47 -0600
Processing by ArticlesController#index as HTML
  Rendering layout layouts/application.html.erb
  Rendering articles/index.html.erb within layouts/application
  [1m[36mArticle Load (0.7ms)[0m  [1m[34mSELECT "articles".* FROM "articles" /*action='index',application='NatalieNews',controller='articles'*/[0m
  ↳ app/views/articles/index.html.erb:8
  Rendered articles/_article.html.erb (Duration: 0.1ms | GC: 0.0ms)
  Rendered articles/_article.html.erb (Duration: 0.0ms | GC: 0.0ms)
  Rendered articles/index.html.erb within layouts/application (Duration: 3.5ms | GC: 0.0ms)
  Rendered layout layouts/application.html.erb (Duration: 4.2ms | GC: 0.0ms)
Completed 200 OK in 38ms (Views: 4.1ms | ActiveRecord: 0.7ms (1 query, 0 cached) | GC: 0.0ms)


Started GET "/articles" for 127.0.0.1 at 2025-06-13 16:00:59 -0600
  [1m[36mActiveRecord::SchemaMigration Load (1.2ms)[0m  [1m[34mSELECT "schema_migrations"."version" FROM "schema_migrations" ORDER BY "schema_migrations"."version" ASC /*application='NatalieNews'*/[0m
Processing by ArticlesController#index as HTML
  Rendering layout layouts/application.html.erb
  Rendering articles/index.html.erb within layouts/application
  [1m[36mArticle Load (12.8ms)[0m  [1m[34mSELECT "articles".* FROM "articles" /*action='index',application='NatalieNews',controller='articles'*/[0m
  ↳ app/views/articles/index.html.erb:8
  Rendered articles/_article.html.erb (Duration: 0.2ms | GC: 0.0ms)
  Rendered articles/_article.html.erb (Duration: 0.0ms | GC: 0.0ms)
  Rendered articles/index.html.erb within layouts/application (Duration: 41.5ms | GC: 0.0ms)
  Rendered layout layouts/application.html.erb (Duration: 44.3ms | GC: 0.0ms)
Completed 200 OK in 99ms (Views: 3.9ms | ActiveRecord: 42.0ms (1 query, 0 cached) | GC: 0.5ms)


Started GET "/articles" for 127.0.0.1 at 2025-06-13 16:01:04 -0600
Processing by ArticlesController#index as HTML
  Rendering layout layouts/application.html.erb
  Rendering articles/index.html.erb within layouts/application
  [1m[36mArticle Load (1.7ms)[0m  [1m[34mSELECT "articles".* FROM "articles" /*action='index',application='NatalieNews',controller='articles'*/[0m
  ↳ app/views/articles/index.html.erb:8
  Rendered articles/_article.html.erb (Duration: 0.2ms | GC: 0.0ms)
  Rendered articles/_article.html.erb (Duration: 0.0ms | GC: 0.0ms)
  Rendered articles/index.html.erb within layouts/application (Duration: 5.5ms | GC: 0.0ms)
  Rendered layout layouts/application.html.erb (Duration: 6.3ms | GC: 0.0ms)
Completed 200 OK in 46ms (Views: 5.3ms | ActiveRecord: 1.6ms (1 query, 0 cached) | GC: 0.0ms)


Started GET "/articles" for 127.0.0.1 at 2025-06-13 16:03:26 -0600
Processing by ArticlesController#index as HTML
  Rendering layout layouts/application.html.erb
  Rendering articles/index.html.erb within layouts/application
  [1m[36mArticle Load (27.5ms)[0m  [1m[34mSELECT "articles".* FROM "articles" /*action='index',application='NatalieNews',controller='articles'*/[0m
  ↳ app/views/articles/index.html.erb:8
  Rendered articles/_article.html.erb (Duration: 0.1ms | GC: 0.0ms)
  Rendered articles/_article.html.erb (Duration: 0.0ms | GC: 0.0ms)
  Rendered articles/index.html.erb within layouts/application (Duration: 34.0ms | GC: 0.0ms)
  Rendered layout layouts/application.html.erb (Duration: 37.0ms | GC: 0.0ms)
Completed 200 OK in 68ms (Views: 10.2ms | ActiveRecord: 27.5ms (1 query, 0 cached) | GC: 0.0ms)


Started GET "/articles" for 127.0.0.1 at 2025-06-13 16:03:27 -0600
Processing by ArticlesController#index as HTML
  Rendering layout layouts/application.html.erb
  Rendering articles/index.html.erb within layouts/application
  [1m[36mArticle Load (2.0ms)[0m  [1m[34mSELECT "articles".* FROM "articles" /*action='index',application='NatalieNews',controller='articles'*/[0m
  ↳ app/views/articles/index.html.erb:8
  Rendered articles/_article.html.erb (Duration: 0.0ms | GC: 0.0ms)
  Rendered articles/_article.html.erb (Duration: 0.0ms | GC: 0.0ms)
  Rendered articles/index.html.erb within layouts/application (Duration: 3.4ms | GC: 0.0ms)
  Rendered layout layouts/application.html.erb (Duration: 3.7ms | GC: 0.0ms)
Completed 200 OK in 35ms (Views: 2.0ms | ActiveRecord: 1.9ms (1 query, 0 cached) | GC: 0.0ms)


Started GET "/articles" for 127.0.0.1 at 2025-06-13 16:03:49 -0600
  [1m[36mActiveRecord::SchemaMigration Load (0.7ms)[0m  [1m[34mSELECT "schema_migrations"."version" FROM "schema_migrations" ORDER BY "schema_migrations"."version" ASC /*application='NatalieNews'*/[0m
Processing by ArticlesController#index as HTML
  Rendering layout layouts/application.html.erb
  Rendering articles/index.html.erb within layouts/application
  [1m[36mArticle Load (10.4ms)[0m  [1m[34mSELECT "articles".* FROM "articles" /*action='index',application='NatalieNews',controller='articles'*/[0m
  ↳ app/views/articles/index.html.erb:8
  Rendered articles/_article.html.erb (Duration: 0.2ms | GC: 0.0ms)
  Rendered articles/_article.html.erb (Duration: 0.0ms | GC: 0.0ms)
  Rendered articles/index.html.erb within layouts/application (Duration: 49.2ms | GC: 0.0ms)
  Rendered layout layouts/application.html.erb (Duration: 52.9ms | GC: 0.0ms)
Completed 200 OK in 108ms (Views: 8.9ms | ActiveRecord: 46.3ms (1 query, 0 cached) | GC: 1.0ms)


Started GET "/articles" for 127.0.0.1 at 2025-06-13 16:03:54 -0600
Processing by ArticlesController#index as HTML
  Rendering layout layouts/application.html.erb
  Rendering articles/index.html.erb within layouts/application
  [1m[36mArticle Load (0.9ms)[0m  [1m[34mSELECT "articles".* FROM "articles" /*action='index',application='NatalieNews',controller='articles'*/[0m
  ↳ app/views/articles/index.html.erb:8
  Rendered articles/_article.html.erb (Duration: 0.2ms | GC: 0.0ms)
  Rendered articles/_article.html.erb (Duration: 0.0ms | GC: 0.0ms)
  Rendered articles/index.html.erb within layouts/application (Duration: 8.1ms | GC: 0.0ms)
  Rendered layout layouts/application.html.erb (Duration: 8.7ms | GC: 0.0ms)
Completed 200 OK in 33ms (Views: 5.0ms | ActiveRecord: 4.6ms (1 query, 0 cached) | GC: 0.0ms)


Started GET "/articles" for 127.0.0.1 at 2025-06-13 16:04:20 -0600
Processing by ArticlesController#index as HTML
  Rendering layout layouts/application.html.erb
  Rendering articles/index.html.erb within layouts/application
  [1m[36mArticle Load (1.0ms)[0m  [1m[34mSELECT "articles".* FROM "articles" /*action='index',application='NatalieNews',controller='articles'*/[0m
  ↳ app/views/articles/index.html.erb:8
  Rendered articles/_article.html.erb (Duration: 0.4ms | GC: 0.0ms)
  Rendered articles/_article.html.erb (Duration: 0.0ms | GC: 0.0ms)
  Rendered articles/index.html.erb within layouts/application (Duration: 9.7ms | GC: 0.0ms)
  Rendered layout layouts/application.html.erb (Duration: 10.4ms | GC: 0.0ms)
Completed 200 OK in 37ms (Views: 5.7ms | ActiveRecord: 5.7ms (1 query, 0 cached) | GC: 0.0ms)


Started GET "/articles" for 127.0.0.1 at 2025-06-13 16:04:29 -0600
Processing by ArticlesController#index as HTML
  Rendering layout layouts/application.html.erb
  Rendering articles/index.html.erb within layouts/application
  [1m[36mArticle Load (5.1ms)[0m  [1m[34mSELECT "articles".* FROM "articles" /*action='index',application='NatalieNews',controller='articles'*/[0m
  ↳ app/views/articles/index.html.erb:8
  Rendered articles/_article.html.erb (Duration: 0.2ms | GC: 0.0ms)
  Rendered articles/_article.html.erb (Duration: 0.0ms | GC: 0.0ms)
  Rendered articles/index.html.erb within layouts/application (Duration: 15.6ms | GC: 0.0ms)
  Rendered layout layouts/application.html.erb (Duration: 16.3ms | GC: 0.0ms)
Completed 200 OK in 41ms (Views: 11.9ms | ActiveRecord: 5.0ms (1 query, 0 cached) | GC: 0.0ms)


Started GET "/articles" for 127.0.0.1 at 2025-06-13 16:04:32 -0600
Processing by ArticlesController#index as HTML
  Rendering layout layouts/application.html.erb
  Rendering articles/index.html.erb within layouts/application
  [1m[36mArticle Load (4.0ms)[0m  [1m[34mSELECT "articles".* FROM "articles" /*action='index',application='NatalieNews',controller='articles'*/[0m
  ↳ app/views/articles/index.html.erb:8
  Rendered articles/_article.html.erb (Duration: 0.2ms | GC: 0.0ms)
  Rendered articles/_article.html.erb (Duration: 0.0ms | GC: 0.0ms)
  Rendered articles/index.html.erb within layouts/application (Duration: 12.8ms | GC: 0.0ms)
  Rendered layout layouts/application.html.erb (Duration: 13.4ms | GC: 0.0ms)
Completed 200 OK in 42ms (Views: 9.9ms | ActiveRecord: 4.1ms (1 query, 0 cached) | GC: 0.0ms)


Started GET "/articles" for 127.0.0.1 at 2025-06-13 16:04:58 -0600
Processing by ArticlesController#index as HTML
  Rendering layout layouts/application.html.erb
  Rendering articles/index.html.erb within layouts/application
  [1m[36mArticle Load (0.8ms)[0m  [1m[34mSELECT "articles".* FROM "articles" /*action='index',application='NatalieNews',controller='articles'*/[0m
  ↳ app/views/articles/index.html.erb:8
  Rendered articles/_article.html.erb (Duration: 0.7ms | GC: 0.3ms)
  Rendered articles/_article.html.erb (Duration: 0.0ms | GC: 0.0ms)
  Rendered articles/index.html.erb within layouts/application (Duration: 20.9ms | GC: 7.8ms)
  Rendered layout layouts/application.html.erb (Duration: 21.8ms | GC: 7.8ms)
Completed 200 OK in 48ms (Views: 19.1ms | ActiveRecord: 4.7ms (1 query, 0 cached) | GC: 10.4ms)


Started GET "/hi" for 127.0.0.1 at 2025-06-13 16:05:01 -0600
  
ActionController::RoutingError (No route matches [GET] "/hi"):
  
Started GET "/favicon.ico" for 127.0.0.1 at 2025-06-13 16:05:01 -0600
  
ActionController::RoutingError (No route matches [GET] "/favicon.ico"):
  
Started GET "/" for 127.0.0.1 at 2025-06-13 16:12:42 -0600
Processing by Rails::WelcomeController#index as HTML
  Rendering /Users/nataliedixon/.asdf/installs/ruby/3.4.4/lib/ruby/gems/3.4.0/gems/railties-8.0.2/lib/rails/templates/rails/welcome/index.html.erb
  Rendered /Users/nataliedixon/.asdf/installs/ruby/3.4.4/lib/ruby/gems/3.4.0/gems/railties-8.0.2/lib/rails/templates/rails/welcome/index.html.erb (Duration: 1.9ms | GC: 0.0ms)
Completed 200 OK in 37ms (Views: 6.7ms | ActiveRecord: 0.0ms (0 queries, 0 cached) | GC: 0.0ms)


Started GET "/articles" for 127.0.0.1 at 2025-06-13 16:44:06 -0600
Processing by ArticlesController#index as HTML
  Rendering layout layouts/application.html.erb
  Rendering articles/index.html.erb within layouts/application
  [1m[36mArticle Load (66.8ms)[0m  [1m[34mSELECT "articles".* FROM "articles" /*action='index',application='NatalieNews',controller='articles'*/[0m
  ↳ app/views/articles/index.html.erb:8
  Rendered articles/_article.html.erb (Duration: 4.8ms | GC: 0.0ms)
  Rendered articles/_article.html.erb (Duration: 0.0ms | GC: 0.0ms)
  Rendered articles/index.html.erb within layouts/application (Duration: 119.2ms | GC: 0.0ms)
  Rendered layout layouts/application.html.erb (Duration: 126.8ms | GC: 0.0ms)
Completed 200 OK in 174ms (Views: 33.8ms | ActiveRecord: 96.0ms (1 query, 0 cached) | GC: 0.0ms)


Started GET "/articles/2" for 127.0.0.1 at 2025-06-13 16:45:00 -0600
Processing by ArticlesController#show as HTML
  Parameters: {"id" => "2"}
  [1m[36mArticle Load (3.0ms)[0m  [1m[34mSELECT "articles".* FROM "articles" WHERE "articles"."id" = 2 LIMIT 1 /*action='show',application='NatalieNews',controller='articles'*/[0m
  ↳ app/controllers/articles_controller.rb:63:in 'ArticlesController#set_article'
  Rendering layout layouts/application.html.erb
  Rendering articles/show.html.erb within layouts/application
  Rendered articles/_article.html.erb (Duration: 0.2ms | GC: 0.0ms)
  Rendered articles/show.html.erb within layouts/application (Duration: 4.7ms | GC: 0.0ms)
  Rendered layout layouts/application.html.erb (Duration: 5.0ms | GC: 0.0ms)
Completed 200 OK in 102ms (Views: 5.4ms | ActiveRecord: 3.0ms (1 query, 0 cached) | GC: 0.0ms)


Started DELETE "/articles/2" for 127.0.0.1 at 2025-06-13 16:45:01 -0600
Processing by ArticlesController#destroy as HTML
  Parameters: {"authenticity_token" => "[FILTERED]", "id" => "2"}
  [1m[36mArticle Load (0.5ms)[0m  [1m[34mSELECT "articles".* FROM "articles" WHERE "articles"."id" = 2 LIMIT 1 /*action='destroy',application='NatalieNews',controller='articles'*/[0m
  ↳ app/controllers/articles_controller.rb:63:in 'ArticlesController#set_article'
  [1m[36mTRANSACTION (0.1ms)[0m  [1m[35mBEGIN /*action='destroy',application='NatalieNews',controller='articles'*/[0m
  ↳ app/controllers/articles_controller.rb:52:in 'ArticlesController#destroy'
  [1m[36mArticle Destroy (5.3ms)[0m  [1m[31mDELETE FROM "articles" WHERE "articles"."id" = 2 /*action='destroy',application='NatalieNews',controller='articles'*/[0m
  ↳ app/controllers/articles_controller.rb:52:in 'ArticlesController#destroy'
  [1m[36mTRANSACTION (2.6ms)[0m  [1m[35mCOMMIT /*action='destroy',application='NatalieNews',controller='articles'*/[0m
  ↳ app/controllers/articles_controller.rb:52:in 'ArticlesController#destroy'
Redirected to http://localhost:3000/articles
Completed 303 See Other in 36ms (ActiveRecord: 8.3ms (2 queries, 0 cached) | GC: 0.0ms)


Started GET "/articles" for 127.0.0.1 at 2025-06-13 16:45:01 -0600
Processing by ArticlesController#index as HTML
  Rendering layout layouts/application.html.erb
  Rendering articles/index.html.erb within layouts/application
  [1m[36mArticle Load (1.0ms)[0m  [1m[34mSELECT "articles".* FROM "articles" /*action='index',application='NatalieNews',controller='articles'*/[0m
  ↳ app/views/articles/index.html.erb:8
  Rendered articles/_article.html.erb (Duration: 0.1ms | GC: 0.0ms)
  Rendered articles/index.html.erb within layouts/application (Duration: 3.6ms | GC: 0.0ms)
  Rendered layout layouts/application.html.erb (Duration: 4.0ms | GC: 0.0ms)
Completed 200 OK in 29ms (Views: 3.4ms | ActiveRecord: 1.0ms (1 query, 0 cached) | GC: 0.0ms)


Started GET "/" for 127.0.0.1 at 2025-06-16 09:15:04 -0600
  [1m[36mActiveRecord::SchemaMigration Load (4.4ms)[0m  [1m[34mSELECT "schema_migrations"."version" FROM "schema_migrations" ORDER BY "schema_migrations"."version" ASC /*application='NatalieNews'*/[0m
Processing by Rails::WelcomeController#index as HTML
  Rendering /Users/nataliedixon/.asdf/installs/ruby/3.4.4/lib/ruby/gems/3.4.0/gems/railties-8.0.2/lib/rails/templates/rails/welcome/index.html.erb
  Rendered /Users/nataliedixon/.asdf/installs/ruby/3.4.4/lib/ruby/gems/3.4.0/gems/railties-8.0.2/lib/rails/templates/rails/welcome/index.html.erb (Duration: 0.3ms | GC: 0.0ms)
Completed 200 OK in 43ms (Views: 1.5ms | ActiveRecord: 0.0ms (0 queries, 0 cached) | GC: 0.3ms)


Started GET "/articles" for 127.0.0.1 at 2025-06-16 09:15:09 -0600
Processing by ArticlesController#index as HTML
  Rendering layout layouts/application.html.erb
  Rendering articles/index.html.erb within layouts/application
  [1m[36mArticle Load (31.6ms)[0m  [1m[34mSELECT "articles".* FROM "articles" /*action='index',application='NatalieNews',controller='articles'*/[0m
  ↳ app/views/articles/index.html.erb:8
  Rendered articles/_article.html.erb (Duration: 0.4ms | GC: 0.0ms)
  Rendered articles/index.html.erb within layouts/application (Duration: 61.8ms | GC: 0.0ms)
  Rendered layout layouts/application.html.erb (Duration: 66.8ms | GC: 0.0ms)
Completed 200 OK in 112ms (Views: 8.6ms | ActiveRecord: 59.4ms (1 query, 0 cached) | GC: 0.7ms)


Started GET "/assets/application-8b441ae0.css" for 127.0.0.1 at 2025-06-16 09:15:09 -0600
  [1m[36mActiveRecord::SchemaMigration Load (22.9ms)[0m  [1m[34mSELECT "schema_migrations"."version" FROM "schema_migrations" ORDER BY "schema_migrations"."version" ASC /*application='NatalieNews'*/[0m
  [1m[36mCACHE ActiveRecord::SchemaMigration Load (0.2ms)[0m  [1m[34mSELECT "schema_migrations"."version" FROM "schema_migrations" ORDER BY "schema_migrations"."version" ASC[0m
  [1m[35m (3.0ms)[0m  [1m[34mSELECT pg_try_advisory_lock(476219527351098615) /*application='NatalieNews'*/[0m
  [1m[36mActiveRecord::SchemaMigration Load (3.4ms)[0m  [1m[34mSELECT "schema_migrations"."version" FROM "schema_migrations" ORDER BY "schema_migrations"."version" ASC /*application='NatalieNews'*/[0m
  [1m[36mActiveRecord::InternalMetadata Load (4.6ms)[0m  [1m[34mSELECT * FROM "ar_internal_metadata" WHERE "ar_internal_metadata"."key" = 'environment' ORDER BY "ar_internal_metadata"."key" ASC LIMIT 1 /*application='NatalieNews'*/[0m
Migrating to AddAuthorAndDatePostedToArticles (20250616173311)
  [1m[36mTRANSACTION (0.1ms)[0m  [1m[35mBEGIN /*application='NatalieNews'*/[0m
  [1m[35m (9.1ms)[0m  [1m[35mALTER TABLE "articles" ADD "author" character varying /*application='NatalieNews'*/[0m
  [1m[35m (0.5ms)[0m  [1m[35mALTER TABLE "articles" ADD "date_posted" timestamp(6) /*application='NatalieNews'*/[0m
  [1m[36mActiveRecord::SchemaMigration Create (0.8ms)[0m  [1m[32mINSERT INTO "schema_migrations" ("version") VALUES ('20250616173311') RETURNING "version" /*application='NatalieNews'*/[0m
  [1m[36mTRANSACTION (0.7ms)[0m  [1m[35mCOMMIT /*application='NatalieNews'*/[0m
  [1m[35m (0.2ms)[0m  [1m[34mSELECT pg_advisory_unlock(476219527351098615) /*application='NatalieNews'*/[0m
  [1m[36mActiveRecord::SchemaMigration Load (0.1ms)[0m  [1m[34mSELECT "schema_migrations"."version" FROM "schema_migrations" ORDER BY "schema_migrations"."version" ASC /*application='NatalieNews'*/[0m
Started GET "/articles" for 127.0.0.1 at 2025-06-16 11:38:52 -0600
  [1m[36mActiveRecord::SchemaMigration Load (6.9ms)[0m  [1m[34mSELECT "schema_migrations"."version" FROM "schema_migrations" ORDER BY "schema_migrations"."version" ASC /*application='NatalieNews'*/[0m
Processing by ArticlesController#index as HTML
  Rendering layout layouts/application.html.erb
  Rendering articles/index.html.erb within layouts/application
  [1m[36mArticle Load (13.2ms)[0m  [1m[34mSELECT "articles".* FROM "articles" /*action='index',application='NatalieNews',controller='articles'*/[0m
  ↳ app/views/articles/index.html.erb:8
  Rendered articles/_article.html.erb (Duration: 0.4ms | GC: 0.0ms)
  Rendered articles/index.html.erb within layouts/application (Duration: 22.2ms | GC: 0.0ms)
  Rendered layout layouts/application.html.erb (Duration: 24.7ms | GC: 0.0ms)
Completed 200 OK in 50ms (Views: 7.6ms | ActiveRecord: 18.1ms (1 query, 0 cached) | GC: 0.0ms)


Started GET "/articles" for 127.0.0.1 at 2025-06-16 11:38:54 -0600
Processing by ArticlesController#index as HTML
  Rendering layout layouts/application.html.erb
  Rendering articles/index.html.erb within layouts/application
  [1m[36mArticle Load (0.4ms)[0m  [1m[34mSELECT "articles".* FROM "articles" /*action='index',application='NatalieNews',controller='articles'*/[0m
  ↳ app/views/articles/index.html.erb:8
  Rendered articles/_article.html.erb (Duration: 0.1ms | GC: 0.0ms)
  Rendered articles/index.html.erb within layouts/application (Duration: 2.3ms | GC: 0.0ms)
  Rendered layout layouts/application.html.erb (Duration: 2.6ms | GC: 0.0ms)
Completed 200 OK in 50ms (Views: 2.5ms | ActiveRecord: 0.4ms (1 query, 0 cached) | GC: 0.0ms)


Started GET "/articles" for 127.0.0.1 at 2025-06-16 11:39:13 -0600
  [1m[36mActiveRecord::SchemaMigration Load (0.8ms)[0m  [1m[34mSELECT "schema_migrations"."version" FROM "schema_migrations" ORDER BY "schema_migrations"."version" ASC /*application='NatalieNews'*/[0m
Processing by ArticlesController#index as HTML
  Rendering layout layouts/application.html.erb
  Rendering articles/index.html.erb within layouts/application
  [1m[36mArticle Load (0.9ms)[0m  [1m[34mSELECT "articles".* FROM "articles" /*action='index',application='NatalieNews',controller='articles'*/[0m
  ↳ app/views/articles/index.html.erb:8
  Rendered articles/_article.html.erb (Duration: 0.4ms | GC: 0.0ms)
  Rendered articles/index.html.erb within layouts/application (Duration: 24.9ms | GC: 5.3ms)
  Rendered layout layouts/application.html.erb (Duration: 25.3ms | GC: 5.3ms)
Completed 200 OK in 52ms (Views: 13.7ms | ActiveRecord: 13.0ms (1 query, 0 cached) | GC: 8.5ms)


Started GET "/articles/new" for 127.0.0.1 at 2025-06-16 11:39:15 -0600
Processing by ArticlesController#new as HTML
  Rendering layout layouts/application.html.erb
  Rendering articles/new.html.erb within layouts/application
  Rendered articles/_form.html.erb (Duration: 3.8ms | GC: 0.0ms)
  Rendered articles/new.html.erb within layouts/application (Duration: 4.4ms | GC: 0.0ms)
  Rendered layout layouts/application.html.erb (Duration: 4.7ms | GC: 0.0ms)
Completed 200 OK in 58ms (Views: 8.4ms | ActiveRecord: 0.0ms (0 queries, 0 cached) | GC: 1.4ms)


Started POST "/articles" for 127.0.0.1 at 2025-06-16 11:39:22 -0600
Processing by ArticlesController#create as HTML
  Parameters: {"authenticity_token" => "[FILTERED]", "article" => {"title" => "sdkmfkc", "author" => "dcn nds", "url" => "dsnc"}, "commit" => "Create Article"}
  [1m[36mTRANSACTION (0.2ms)[0m  [1m[35mBEGIN /*action='create',application='NatalieNews',controller='articles'*/[0m
  ↳ app/controllers/articles_controller.rb:27:in 'block in ArticlesController#create'
  [1m[36mArticle Create (4.7ms)[0m  [1m[32mINSERT INTO "articles" ("title", "url", "created_at", "updated_at", "author", "date_posted") VALUES ('sdkmfkc', 'dsnc', '2025-06-16 17:39:22.189104', '2025-06-16 17:39:22.189104', NULL, NULL) RETURNING "id" /*action='create',application='NatalieNews',controller='articles'*/[0m
  ↳ app/controllers/articles_controller.rb:27:in 'block in ArticlesController#create'
  [1m[36mTRANSACTION (0.6ms)[0m  [1m[35mCOMMIT /*action='create',application='NatalieNews',controller='articles'*/[0m
  ↳ app/controllers/articles_controller.rb:27:in 'block in ArticlesController#create'
Redirected to http://localhost:3000/articles/3
Completed 302 Found in 57ms (ActiveRecord: 5.4ms (1 query, 0 cached) | GC: 1.5ms)


Started GET "/articles/3" for 127.0.0.1 at 2025-06-16 11:39:22 -0600
Processing by ArticlesController#show as HTML
  Parameters: {"id" => "3"}
  [1m[36mArticle Load (0.6ms)[0m  [1m[34mSELECT "articles".* FROM "articles" WHERE "articles"."id" = 3 LIMIT 1 /*action='show',application='NatalieNews',controller='articles'*/[0m
  ↳ app/controllers/articles_controller.rb:63:in 'ArticlesController#set_article'
  Rendering layout layouts/application.html.erb
  Rendering articles/show.html.erb within layouts/application
  Rendered articles/_article.html.erb (Duration: 0.1ms | GC: 0.0ms)
  Rendered articles/show.html.erb within layouts/application (Duration: 0.7ms | GC: 0.0ms)
  Rendered layout layouts/application.html.erb (Duration: 0.9ms | GC: 0.0ms)
Completed 200 OK in 26ms (Views: 1.0ms | ActiveRecord: 0.5ms (1 query, 0 cached) | GC: 0.6ms)


Started GET "/articles/3" for 127.0.0.1 at 2025-06-16 11:40:49 -0600
Processing by ArticlesController#show as HTML
  Parameters: {"id" => "3"}
  [1m[36mArticle Load (0.2ms)[0m  [1m[34mSELECT "articles".* FROM "articles" WHERE "articles"."id" = 3 LIMIT 1 /*action='show',application='NatalieNews',controller='articles'*/[0m
  ↳ app/controllers/articles_controller.rb:63:in 'ArticlesController#set_article'
  Rendering layout layouts/application.html.erb
  Rendering articles/show.html.erb within layouts/application
  Rendered articles/_article.html.erb (Duration: 0.2ms | GC: 0.0ms)
  Rendered articles/show.html.erb within layouts/application (Duration: 1.4ms | GC: 0.0ms)
  Rendered layout layouts/application.html.erb (Duration: 1.8ms | GC: 0.0ms)
Completed 200 OK in 35ms (Views: 2.6ms | ActiveRecord: 4.5ms (1 query, 0 cached) | GC: 0.3ms)


Started DELETE "/articles/3" for 127.0.0.1 at 2025-06-16 11:40:52 -0600
Processing by ArticlesController#destroy as HTML
  Parameters: {"authenticity_token" => "[FILTERED]", "id" => "3"}
  [1m[36mArticle Load (13.3ms)[0m  [1m[34mSELECT "articles".* FROM "articles" WHERE "articles"."id" = 3 LIMIT 1 /*action='destroy',application='NatalieNews',controller='articles'*/[0m
  ↳ app/controllers/articles_controller.rb:63:in 'ArticlesController#set_article'
  [1m[36mTRANSACTION (0.6ms)[0m  [1m[35mBEGIN /*action='destroy',application='NatalieNews',controller='articles'*/[0m
  ↳ app/controllers/articles_controller.rb:52:in 'ArticlesController#destroy'
  [1m[36mArticle Destroy (2.5ms)[0m  [1m[31mDELETE FROM "articles" WHERE "articles"."id" = 3 /*action='destroy',application='NatalieNews',controller='articles'*/[0m
  ↳ app/controllers/articles_controller.rb:52:in 'ArticlesController#destroy'
  [1m[36mTRANSACTION (0.4ms)[0m  [1m[35mCOMMIT /*action='destroy',application='NatalieNews',controller='articles'*/[0m
  ↳ app/controllers/articles_controller.rb:52:in 'ArticlesController#destroy'
Redirected to http://localhost:3000/articles
Completed 303 See Other in 66ms (ActiveRecord: 16.7ms (2 queries, 0 cached) | GC: 0.5ms)


Started GET "/articles" for 127.0.0.1 at 2025-06-16 11:40:52 -0600
Processing by ArticlesController#index as HTML
  Rendering layout layouts/application.html.erb
  Rendering articles/index.html.erb within layouts/application
  [1m[36mArticle Load (0.3ms)[0m  [1m[34mSELECT "articles".* FROM "articles" /*action='index',application='NatalieNews',controller='articles'*/[0m
  ↳ app/views/articles/index.html.erb:8
  Rendered articles/_article.html.erb (Duration: 0.1ms | GC: 0.0ms)
  Rendered articles/index.html.erb within layouts/application (Duration: 1.4ms | GC: 0.0ms)
  Rendered layout layouts/application.html.erb (Duration: 1.7ms | GC: 0.0ms)
Completed 200 OK in 28ms (Views: 1.6ms | ActiveRecord: 0.3ms (1 query, 0 cached) | GC: 0.0ms)


Started GET "/articles/new" for 127.0.0.1 at 2025-06-16 11:40:53 -0600
Processing by ArticlesController#new as HTML
  Rendering layout layouts/application.html.erb
  Rendering articles/new.html.erb within layouts/application
  Rendered articles/_form.html.erb (Duration: 1.5ms | GC: 0.0ms)
  Rendered articles/new.html.erb within layouts/application (Duration: 2.3ms | GC: 0.0ms)
  Rendered layout layouts/application.html.erb (Duration: 2.6ms | GC: 0.0ms)
Completed 200 OK in 55ms (Views: 2.9ms | ActiveRecord: 0.0ms (0 queries, 0 cached) | GC: 0.2ms)


Started POST "/articles" for 127.0.0.1 at 2025-06-16 11:41:01 -0600
Processing by ArticlesController#create as HTML
  Parameters: {"authenticity_token" => "[FILTERED]", "article" => {"title" => "ewdjknd", "author" => "wedjn", "url" => "batlaie"}, "commit" => "Create Article"}
  [1m[36mTRANSACTION (0.2ms)[0m  [1m[35mBEGIN /*action='create',application='NatalieNews',controller='articles'*/[0m
  ↳ app/controllers/articles_controller.rb:27:in 'block in ArticlesController#create'
  [1m[36mArticle Create (1.3ms)[0m  [1m[32mINSERT INTO "articles" ("title", "url", "created_at", "updated_at", "author", "date_posted") VALUES ('ewdjknd', 'batlaie', '2025-06-16 17:41:01.065695', '2025-06-16 17:41:01.065695', 'wedjn', NULL) RETURNING "id" /*action='create',application='NatalieNews',controller='articles'*/[0m
  ↳ app/controllers/articles_controller.rb:27:in 'block in ArticlesController#create'
  [1m[36mTRANSACTION (1.1ms)[0m  [1m[35mCOMMIT /*action='create',application='NatalieNews',controller='articles'*/[0m
  ↳ app/controllers/articles_controller.rb:27:in 'block in ArticlesController#create'
Redirected to http://localhost:3000/articles/4
Completed 302 Found in 51ms (ActiveRecord: 2.6ms (1 query, 0 cached) | GC: 0.0ms)


Started GET "/articles/4" for 127.0.0.1 at 2025-06-16 11:41:01 -0600
Processing by ArticlesController#show as HTML
  Parameters: {"id" => "4"}
  [1m[36mArticle Load (0.3ms)[0m  [1m[34mSELECT "articles".* FROM "articles" WHERE "articles"."id" = 4 LIMIT 1 /*action='show',application='NatalieNews',controller='articles'*/[0m
  ↳ app/controllers/articles_controller.rb:63:in 'ArticlesController#set_article'
  Rendering layout layouts/application.html.erb
  Rendering articles/show.html.erb within layouts/application
  Rendered articles/_article.html.erb (Duration: 0.1ms | GC: 0.0ms)
  Rendered articles/show.html.erb within layouts/application (Duration: 0.5ms | GC: 0.0ms)
  Rendered layout layouts/application.html.erb (Duration: 0.7ms | GC: 0.0ms)
Completed 200 OK in 27ms (Views: 0.9ms | ActiveRecord: 0.3ms (1 query, 0 cached) | GC: 0.8ms)


Started GET "/articles/batlaie" for 127.0.0.1 at 2025-06-16 11:42:34 -0600
Processing by ArticlesController#show as HTML
  Parameters: {"id" => "batlaie"}
  [1m[36mArticle Load (1.3ms)[0m  [1m[34mSELECT "articles".* FROM "articles" WHERE "articles"."id" = NULL LIMIT 1 /*action='show',application='NatalieNews',controller='articles'*/[0m
  ↳ app/controllers/articles_controller.rb:63:in 'ArticlesController#set_article'
Completed 404 Not Found in 50ms (ActiveRecord: 1.3ms (1 query, 0 cached) | GC: 0.0ms)


  
ActiveRecord::RecordNotFound (Couldn't find Article with 'id'=batlaie):
  
app/controllers/articles_controller.rb:63:in 'ArticlesController#set_article'
Started GET "/favicon.ico" for 127.0.0.1 at 2025-06-16 11:42:34 -0600
  
ActionController::RoutingError (No route matches [GET] "/favicon.ico"):
  
Started GET "/articles" for 127.0.0.1 at 2025-06-16 11:43:03 -0600
Processing by ArticlesController#index as HTML
  Rendering layout layouts/application.html.erb
  Rendering articles/index.html.erb within layouts/application
  [1m[36mArticle Load (14.0ms)[0m  [1m[34mSELECT "articles".* FROM "articles" /*action='index',application='NatalieNews',controller='articles'*/[0m
  ↳ app/views/articles/index.html.erb:8
  Rendered articles/_article.html.erb (Duration: 0.2ms | GC: 0.0ms)
  Rendered articles/_article.html.erb (Duration: 0.0ms | GC: 0.0ms)
  Rendered articles/index.html.erb within layouts/application (Duration: 16.7ms | GC: 0.0ms)
  Rendered layout layouts/application.html.erb (Duration: 17.4ms | GC: 0.0ms)
Completed 200 OK in 67ms (Views: 3.9ms | ActiveRecord: 13.9ms (1 query, 0 cached) | GC: 0.1ms)


Started GET "/articles/1" for 127.0.0.1 at 2025-06-16 11:43:10 -0600
Processing by ArticlesController#show as HTML
  Parameters: {"id" => "1"}
  [1m[36mArticle Load (1.1ms)[0m  [1m[34mSELECT "articles".* FROM "articles" WHERE "articles"."id" = 1 LIMIT 1 /*action='show',application='NatalieNews',controller='articles'*/[0m
  ↳ app/controllers/articles_controller.rb:63:in 'ArticlesController#set_article'
  Rendering layout layouts/application.html.erb
  Rendering articles/show.html.erb within layouts/application
  Rendered articles/_article.html.erb (Duration: 0.3ms | GC: 0.0ms)
  Rendered articles/show.html.erb within layouts/application (Duration: 1.9ms | GC: 0.0ms)
  Rendered layout layouts/application.html.erb (Duration: 2.4ms | GC: 0.0ms)
Completed 200 OK in 50ms (Views: 3.2ms | ActiveRecord: 1.1ms (1 query, 0 cached) | GC: 0.2ms)


Started GET "/articles" for 127.0.0.1 at 2025-06-16 11:43:18 -0600
Processing by ArticlesController#index as HTML
  Rendering layout layouts/application.html.erb
  Rendering articles/index.html.erb within layouts/application
  [1m[36mArticle Load (1.2ms)[0m  [1m[34mSELECT "articles".* FROM "articles" /*action='index',application='NatalieNews',controller='articles'*/[0m
  ↳ app/views/articles/index.html.erb:8
  Rendered articles/_article.html.erb (Duration: 0.1ms | GC: 0.0ms)
  Rendered articles/_article.html.erb (Duration: 0.0ms | GC: 0.0ms)
  Rendered articles/index.html.erb within layouts/application (Duration: 3.8ms | GC: 0.0ms)
  Rendered layout layouts/application.html.erb (Duration: 4.3ms | GC: 0.0ms)
Completed 200 OK in 54ms (Views: 4.3ms | ActiveRecord: 0.3ms (1 query, 0 cached) | GC: 0.0ms)


Started GET "/articles/new" for 127.0.0.1 at 2025-06-16 11:45:48 -0600
Processing by ArticlesController#new as HTML
  Rendering layout layouts/application.html.erb
  Rendering articles/new.html.erb within layouts/application
  Rendered articles/_form.html.erb (Duration: 1.3ms | GC: 0.0ms)
  Rendered articles/new.html.erb within layouts/application (Duration: 1.8ms | GC: 0.0ms)
  Rendered layout layouts/application.html.erb (Duration: 2.1ms | GC: 0.0ms)
Completed 200 OK in 30ms (Views: 3.1ms | ActiveRecord: 3.8ms (0 queries, 0 cached) | GC: 1.0ms)


Started POST "/articles" for 127.0.0.1 at 2025-06-16 11:45:56 -0600
Processing by ArticlesController#create as HTML
  Parameters: {"authenticity_token" => "[FILTERED]", "article" => {"title" => "sdkjcsd", "author" => "nayleifwa", "url" => "sdjdcfac"}, "commit" => "Create Article"}
  [1m[36mTRANSACTION (0.1ms)[0m  [1m[35mBEGIN /*action='create',application='NatalieNews',controller='articles'*/[0m
  ↳ app/controllers/articles_controller.rb:28:in 'block in ArticlesController#create'
  [1m[36mArticle Create (1.3ms)[0m  [1m[32mINSERT INTO "articles" ("title", "url", "created_at", "updated_at", "author", "date_posted") VALUES ('sdkjcsd', 'sdjdcfac', '2025-06-16 17:45:56.864854', '2025-06-16 17:45:56.864854', 'nayleifwa', NULL) RETURNING "id" /*action='create',application='NatalieNews',controller='articles'*/[0m
  ↳ app/controllers/articles_controller.rb:28:in 'block in ArticlesController#create'
  [1m[36mTRANSACTION (1.0ms)[0m  [1m[35mCOMMIT /*action='create',application='NatalieNews',controller='articles'*/[0m
  ↳ app/controllers/articles_controller.rb:28:in 'block in ArticlesController#create'
Redirected to http://localhost:3000/articles/5
Completed 302 Found in 51ms (ActiveRecord: 2.4ms (1 query, 0 cached) | GC: 0.0ms)


Started GET "/articles/5" for 127.0.0.1 at 2025-06-16 11:45:56 -0600
Processing by ArticlesController#show as HTML
  Parameters: {"id" => "5"}
  [1m[36mArticle Load (0.3ms)[0m  [1m[34mSELECT "articles".* FROM "articles" WHERE "articles"."id" = 5 LIMIT 1 /*action='show',application='NatalieNews',controller='articles'*/[0m
  ↳ app/controllers/articles_controller.rb:64:in 'ArticlesController#set_article'
  Rendering layout layouts/application.html.erb
  Rendering articles/show.html.erb within layouts/application
  Rendered articles/_article.html.erb (Duration: 0.2ms | GC: 0.0ms)
  Rendered articles/show.html.erb within layouts/application (Duration: 1.2ms | GC: 0.0ms)
  Rendered layout layouts/application.html.erb (Duration: 1.4ms | GC: 0.0ms)
Completed 200 OK in 27ms (Views: 1.6ms | ActiveRecord: 0.3ms (1 query, 0 cached) | GC: 0.0ms)


Started DELETE "/articles/5" for 127.0.0.1 at 2025-06-16 11:47:38 -0600
Processing by ArticlesController#destroy as HTML
  Parameters: {"authenticity_token" => "[FILTERED]", "id" => "5"}
  [1m[36mArticle Load (0.3ms)[0m  [1m[34mSELECT "articles".* FROM "articles" WHERE "articles"."id" = 5 LIMIT 1 /*action='destroy',application='NatalieNews',controller='articles'*/[0m
  ↳ app/controllers/articles_controller.rb:64:in 'ArticlesController#set_article'
  [1m[36mTRANSACTION (0.1ms)[0m  [1m[35mBEGIN /*action='destroy',application='NatalieNews',controller='articles'*/[0m
  ↳ app/controllers/articles_controller.rb:53:in 'ArticlesController#destroy'
  [1m[36mArticle Destroy (1.9ms)[0m  [1m[31mDELETE FROM "articles" WHERE "articles"."id" = 5 /*action='destroy',application='NatalieNews',controller='articles'*/[0m
  ↳ app/controllers/articles_controller.rb:53:in 'ArticlesController#destroy'
  [1m[36mTRANSACTION (0.6ms)[0m  [1m[35mCOMMIT /*action='destroy',application='NatalieNews',controller='articles'*/[0m
  ↳ app/controllers/articles_controller.rb:53:in 'ArticlesController#destroy'
Redirected to http://localhost:3000/articles
Completed 303 See Other in 41ms (ActiveRecord: 8.7ms (2 queries, 0 cached) | GC: 4.6ms)


Started GET "/articles" for 127.0.0.1 at 2025-06-16 11:47:38 -0600
Processing by ArticlesController#index as HTML
  Rendering layout layouts/application.html.erb
  Rendering articles/index.html.erb within layouts/application
  [1m[36mArticle Load (0.3ms)[0m  [1m[34mSELECT "articles".* FROM "articles" /*action='index',application='NatalieNews',controller='articles'*/[0m
  ↳ app/views/articles/index.html.erb:8
  Rendered articles/_article.html.erb (Duration: 0.2ms | GC: 0.0ms)
  Rendered articles/_article.html.erb (Duration: 0.0ms | GC: 0.0ms)
  Rendered articles/index.html.erb within layouts/application (Duration: 1.8ms | GC: 0.0ms)
  Rendered layout layouts/application.html.erb (Duration: 2.4ms | GC: 0.0ms)
Completed 200 OK in 21ms (Views: 2.9ms | ActiveRecord: 0.3ms (1 query, 0 cached) | GC: 0.0ms)


Started GET "/articles/new" for 127.0.0.1 at 2025-06-16 11:47:39 -0600
Processing by ArticlesController#new as HTML
  Rendering layout layouts/application.html.erb
  Rendering articles/new.html.erb within layouts/application
  Rendered articles/_form.html.erb (Duration: 1.4ms | GC: 0.0ms)
  Rendered articles/new.html.erb within layouts/application (Duration: 2.3ms | GC: 0.0ms)
  Rendered layout layouts/application.html.erb (Duration: 2.6ms | GC: 0.0ms)
Completed 200 OK in 50ms (Views: 2.8ms | ActiveRecord: 0.0ms (0 queries, 0 cached) | GC: 0.0ms)


Started POST "/articles" for 127.0.0.1 at 2025-06-16 11:47:46 -0600
Processing by ArticlesController#create as HTML
  Parameters: {"authenticity_token" => "[FILTERED]", "article" => {"title" => "efdawdejnfd", "author" => "dsjfdaf", "url" => "sdajhfadbc"}, "commit" => "Create Article"}
  [1m[36mTRANSACTION (0.2ms)[0m  [1m[35mBEGIN /*action='create',application='NatalieNews',controller='articles'*/[0m
  ↳ app/controllers/articles_controller.rb:28:in 'block in ArticlesController#create'
  [1m[36mArticle Create (1.2ms)[0m  [1m[32mINSERT INTO "articles" ("title", "url", "created_at", "updated_at", "author", "date_posted") VALUES ('efdawdejnfd', 'sdajhfadbc', '2025-06-16 17:47:46.755390', '2025-06-16 17:47:46.755390', 'dsjfdaf', '2025-06-16 17:47:46.755246') RETURNING "id" /*action='create',application='NatalieNews',controller='articles'*/[0m
  ↳ app/controllers/articles_controller.rb:28:in 'block in ArticlesController#create'
  [1m[36mTRANSACTION (0.8ms)[0m  [1m[35mCOMMIT /*action='create',application='NatalieNews',controller='articles'*/[0m
  ↳ app/controllers/articles_controller.rb:28:in 'block in ArticlesController#create'
Redirected to http://localhost:3000/articles/6
Completed 302 Found in 33ms (ActiveRecord: 2.1ms (1 query, 0 cached) | GC: 2.2ms)


Started GET "/articles/6" for 127.0.0.1 at 2025-06-16 11:47:46 -0600
Processing by ArticlesController#show as HTML
  Parameters: {"id" => "6"}
  [1m[36mArticle Load (0.4ms)[0m  [1m[34mSELECT "articles".* FROM "articles" WHERE "articles"."id" = 6 LIMIT 1 /*action='show',application='NatalieNews',controller='articles'*/[0m
  ↳ app/controllers/articles_controller.rb:64:in 'ArticlesController#set_article'
  Rendering layout layouts/application.html.erb
  Rendering articles/show.html.erb within layouts/application
  Rendered articles/_article.html.erb (Duration: 0.1ms | GC: 0.0ms)
  Rendered articles/show.html.erb within layouts/application (Duration: 0.9ms | GC: 0.0ms)
  Rendered layout layouts/application.html.erb (Duration: 1.1ms | GC: 0.0ms)
Completed 200 OK in 27ms (Views: 1.3ms | ActiveRecord: 0.4ms (1 query, 0 cached) | GC: 1.0ms)


Started GET "/articles/6" for 127.0.0.1 at 2025-06-16 11:50:22 -0600
Processing by ArticlesController#show as HTML
  Parameters: {"id" => "6"}
  [1m[36mArticle Load (1.2ms)[0m  [1m[34mSELECT "articles".* FROM "articles" WHERE "articles"."id" = 6 LIMIT 1 /*action='show',application='NatalieNews',controller='articles'*/[0m
  ↳ app/controllers/articles_controller.rb:64:in 'ArticlesController#set_article'
  Rendering layout layouts/application.html.erb
  Rendering articles/show.html.erb within layouts/application
  Rendered articles/_article.html.erb (Duration: 0.5ms | GC: 0.0ms)
  Rendered articles/show.html.erb within layouts/application (Duration: 2.2ms | GC: 0.0ms)
  Rendered layout layouts/application.html.erb (Duration: 2.8ms | GC: 0.0ms)
Completed 200 OK in 48ms (Views: 3.3ms | ActiveRecord: 1.2ms (1 query, 0 cached) | GC: 0.0ms)


Started GET "/articles" for 127.0.0.1 at 2025-06-16 11:50:24 -0600
Processing by ArticlesController#index as HTML
  Rendering layout layouts/application.html.erb
  Rendering articles/index.html.erb within layouts/application
  [1m[36mArticle Load (0.4ms)[0m  [1m[34mSELECT "articles".* FROM "articles" /*action='index',application='NatalieNews',controller='articles'*/[0m
  ↳ app/views/articles/index.html.erb:8
  Rendered articles/_article.html.erb (Duration: 0.1ms | GC: 0.0ms)
  Rendered articles/_article.html.erb (Duration: 0.0ms | GC: 0.0ms)
  Rendered articles/_article.html.erb (Duration: 0.1ms | GC: 0.0ms)
  Rendered articles/index.html.erb within layouts/application (Duration: 2.4ms | GC: 0.0ms)
  Rendered layout layouts/application.html.erb (Duration: 2.8ms | GC: 0.0ms)
Completed 200 OK in 51ms (Views: 2.7ms | ActiveRecord: 0.4ms (1 query, 0 cached) | GC: 0.0ms)


Started GET "/articles/new" for 127.0.0.1 at 2025-06-16 11:50:26 -0600
Processing by ArticlesController#new as HTML
  Rendering layout layouts/application.html.erb
  Rendering articles/new.html.erb within layouts/application
  Rendered articles/_form.html.erb (Duration: 1.4ms | GC: 0.0ms)
  Rendered articles/new.html.erb within layouts/application (Duration: 1.6ms | GC: 0.0ms)
  Rendered layout layouts/application.html.erb (Duration: 2.0ms | GC: 0.0ms)
Completed 200 OK in 51ms (Views: 2.2ms | ActiveRecord: 0.0ms (0 queries, 0 cached) | GC: 0.4ms)


Started POST "/articles" for 127.0.0.1 at 2025-06-16 11:50:33 -0600
Processing by ArticlesController#create as HTML
  Parameters: {"authenticity_token" => "[FILTERED]", "article" => {"title" => "kfeankf", "author" => "fdnsvnm", "url" => "ekrfcnmdfnv"}, "commit" => "Create Article"}
  [1m[36mTRANSACTION (0.1ms)[0m  [1m[35mBEGIN /*action='create',application='NatalieNews',controller='articles'*/[0m
  ↳ app/controllers/articles_controller.rb:28:in 'block in ArticlesController#create'
  [1m[36mArticle Create (2.0ms)[0m  [1m[32mINSERT INTO "articles" ("title", "url", "created_at", "updated_at", "author", "date_posted") VALUES ('kfeankf', 'ekrfcnmdfnv', '2025-06-16 17:50:33.118261', '2025-06-16 17:50:33.118261', 'fdnsvnm', '2025-06-16 17:50:33.118024') RETURNING "id" /*action='create',application='NatalieNews',controller='articles'*/[0m
  ↳ app/controllers/articles_controller.rb:28:in 'block in ArticlesController#create'
  [1m[36mTRANSACTION (2.2ms)[0m  [1m[35mCOMMIT /*action='create',application='NatalieNews',controller='articles'*/[0m
  ↳ app/controllers/articles_controller.rb:28:in 'block in ArticlesController#create'
Redirected to http://localhost:3000/articles/7
Completed 302 Found in 54ms (ActiveRecord: 4.3ms (1 query, 0 cached) | GC: 0.6ms)


Started GET "/articles/7" for 127.0.0.1 at 2025-06-16 11:50:33 -0600
Processing by ArticlesController#show as HTML
  Parameters: {"id" => "7"}
  [1m[36mArticle Load (0.3ms)[0m  [1m[34mSELECT "articles".* FROM "articles" WHERE "articles"."id" = 7 LIMIT 1 /*action='show',application='NatalieNews',controller='articles'*/[0m
  ↳ app/controllers/articles_controller.rb:64:in 'ArticlesController#set_article'
  Rendering layout layouts/application.html.erb
  Rendering articles/show.html.erb within layouts/application
  Rendered articles/_article.html.erb (Duration: 0.1ms | GC: 0.0ms)
  Rendered articles/show.html.erb within layouts/application (Duration: 0.6ms | GC: 0.0ms)
  Rendered layout layouts/application.html.erb (Duration: 0.8ms | GC: 0.0ms)
Completed 200 OK in 26ms (Views: 0.9ms | ActiveRecord: 0.3ms (1 query, 0 cached) | GC: 0.0ms)


Started GET "/articles/7" for 127.0.0.1 at 2025-06-16 11:50:59 -0600
  [1m[36mActiveRecord::SchemaMigration Load (0.8ms)[0m  [1m[34mSELECT "schema_migrations"."version" FROM "schema_migrations" ORDER BY "schema_migrations"."version" ASC /*application='NatalieNews'*/[0m
Processing by ArticlesController#show as HTML
  Parameters: {"id" => "7"}
  [1m[36mArticle Load (0.7ms)[0m  [1m[34mSELECT "articles".* FROM "articles" WHERE "articles"."id" = 7 LIMIT 1 /*action='show',application='NatalieNews',controller='articles'*/[0m
  ↳ app/controllers/articles_controller.rb:64:in 'ArticlesController#set_article'
  Rendering layout layouts/application.html.erb
  Rendering articles/show.html.erb within layouts/application
  Rendered articles/_article.html.erb (Duration: 0.3ms | GC: 0.0ms)
  Rendered articles/show.html.erb within layouts/application (Duration: 4.3ms | GC: 0.3ms)
  Rendered layout layouts/application.html.erb (Duration: 6.8ms | GC: 0.7ms)
Completed 200 OK in 90ms (Views: 8.5ms | ActiveRecord: 30.3ms (1 query, 0 cached) | GC: 9.7ms)


Started GET "/articles/ekrfcnmdfnv" for 127.0.0.1 at 2025-06-16 11:51:40 -0600
Processing by ArticlesController#show as HTML
  Parameters: {"id" => "ekrfcnmdfnv"}
  [1m[36mArticle Load (14.3ms)[0m  [1m[34mSELECT "articles".* FROM "articles" WHERE "articles"."id" = NULL LIMIT 1 /*action='show',application='NatalieNews',controller='articles'*/[0m
  ↳ app/controllers/articles_controller.rb:64:in 'ArticlesController#set_article'
Completed 404 Not Found in 49ms (ActiveRecord: 14.3ms (1 query, 0 cached) | GC: 0.0ms)


  
ActiveRecord::RecordNotFound (Couldn't find Article with 'id'=ekrfcnmdfnv):
  
app/controllers/articles_controller.rb:64:in 'ArticlesController#set_article'
Started GET "/articles" for 127.0.0.1 at 2025-06-16 11:52:14 -0600
Processing by ArticlesController#index as HTML
  Rendering layout layouts/application.html.erb
  Rendering articles/index.html.erb within layouts/application
  [1m[36mArticle Load (2.5ms)[0m  [1m[34mSELECT "articles".* FROM "articles" /*action='index',application='NatalieNews',controller='articles'*/[0m
  ↳ app/views/articles/index.html.erb:8
  Rendered articles/_article.html.erb (Duration: 0.1ms | GC: 0.0ms)
  Rendered articles/_article.html.erb (Duration: 0.0ms | GC: 0.0ms)
  Rendered articles/_article.html.erb (Duration: 0.6ms | GC: 0.0ms)
  Rendered articles/_article.html.erb (Duration: 0.0ms | GC: 0.0ms)
  Rendered articles/index.html.erb within layouts/application (Duration: 15.0ms | GC: 7.5ms)
  Rendered layout layouts/application.html.erb (Duration: 16.7ms | GC: 7.5ms)
Completed 200 OK in 48ms (Views: 15.0ms | ActiveRecord: 2.3ms (1 query, 0 cached) | GC: 9.9ms)


Started GET "/articles" for 127.0.0.1 at 2025-06-16 13:41:48 -0600
Processing by ArticlesController#index as HTML
  Rendering layout layouts/application.html.erb
  Rendering articles/index.html.erb within layouts/application
  [1m[36mArticle Load (76.3ms)[0m  [1m[34mSELECT "articles".* FROM "articles" /*action='index',application='NatalieNews',controller='articles'*/[0m
  ↳ app/views/articles/index.html.erb:8
  Rendered articles/_article.html.erb (Duration: 0.9ms | GC: 0.0ms)
  Rendered articles/_article.html.erb (Duration: 0.0ms | GC: 0.0ms)
  Rendered articles/_article.html.erb (Duration: 0.7ms | GC: 0.0ms)
  Rendered articles/_article.html.erb (Duration: 0.0ms | GC: 0.0ms)
  Rendered articles/index.html.erb within layouts/application (Duration: 93.2ms | GC: 2.8ms)
  Rendered layout layouts/application.html.erb (Duration: 97.2ms | GC: 2.8ms)
Completed 200 OK in 123ms (Views: -28.5ms | ActiveRecord: 127.6ms (1 query, 0 cached) | GC: 2.8ms)


Started GET "/articles/1" for 127.0.0.1 at 2025-06-16 13:41:55 -0600
Processing by ArticlesController#show as HTML
  Parameters: {"id" => "1"}
  [1m[36mArticle Load (2.3ms)[0m  [1m[34mSELECT "articles".* FROM "articles" WHERE "articles"."id" = 1 LIMIT 1 /*action='show',application='NatalieNews',controller='articles'*/[0m
  ↳ app/controllers/articles_controller.rb:64:in 'ArticlesController#set_article'
  Rendering layout layouts/application.html.erb
  Rendering articles/show.html.erb within layouts/application
  Rendered articles/_article.html.erb (Duration: 0.1ms | GC: 0.0ms)
  Rendered articles/show.html.erb within layouts/application (Duration: 1.0ms | GC: 0.0ms)
  Rendered layout layouts/application.html.erb (Duration: 1.3ms | GC: 0.0ms)
Completed 200 OK in 52ms (Views: 1.6ms | ActiveRecord: 2.3ms (1 query, 0 cached) | GC: 0.0ms)


Started DELETE "/articles/1" for 127.0.0.1 at 2025-06-16 13:41:56 -0600
Processing by ArticlesController#destroy as HTML
  Parameters: {"authenticity_token" => "[FILTERED]", "id" => "1"}
  [1m[36mArticle Load (0.4ms)[0m  [1m[34mSELECT "articles".* FROM "articles" WHERE "articles"."id" = 1 LIMIT 1 /*action='destroy',application='NatalieNews',controller='articles'*/[0m
  ↳ app/controllers/articles_controller.rb:64:in 'ArticlesController#set_article'
  [1m[36mTRANSACTION (0.1ms)[0m  [1m[35mBEGIN /*action='destroy',application='NatalieNews',controller='articles'*/[0m
  ↳ app/controllers/articles_controller.rb:53:in 'ArticlesController#destroy'
  [1m[36mArticle Destroy (3.5ms)[0m  [1m[31mDELETE FROM "articles" WHERE "articles"."id" = 1 /*action='destroy',application='NatalieNews',controller='articles'*/[0m
  ↳ app/controllers/articles_controller.rb:53:in 'ArticlesController#destroy'
  [1m[36mTRANSACTION (2.4ms)[0m  [1m[35mCOMMIT /*action='destroy',application='NatalieNews',controller='articles'*/[0m
  ↳ app/controllers/articles_controller.rb:53:in 'ArticlesController#destroy'
Redirected to http://localhost:3000/articles
Completed 303 See Other in 43ms (ActiveRecord: 6.4ms (2 queries, 0 cached) | GC: 2.3ms)


Started GET "/articles" for 127.0.0.1 at 2025-06-16 13:41:56 -0600
Processing by ArticlesController#index as HTML
  Rendering layout layouts/application.html.erb
  Rendering articles/index.html.erb within layouts/application
  [1m[36mArticle Load (0.3ms)[0m  [1m[34mSELECT "articles".* FROM "articles" /*action='index',application='NatalieNews',controller='articles'*/[0m
  ↳ app/views/articles/index.html.erb:8
  Rendered articles/_article.html.erb (Duration: 0.1ms | GC: 0.0ms)
  Rendered articles/_article.html.erb (Duration: 0.1ms | GC: 0.0ms)
  Rendered articles/_article.html.erb (Duration: 0.0ms | GC: 0.0ms)
  Rendered articles/index.html.erb within layouts/application (Duration: 1.5ms | GC: 0.0ms)
  Rendered layout layouts/application.html.erb (Duration: 1.7ms | GC: 0.0ms)
Completed 200 OK in 20ms (Views: 1.6ms | ActiveRecord: 0.3ms (1 query, 0 cached) | GC: 0.0ms)


Started GET "/articles/new" for 127.0.0.1 at 2025-06-16 13:41:58 -0600
Processing by ArticlesController#new as HTML
  Rendering layout layouts/application.html.erb
  Rendering articles/new.html.erb within layouts/application
  Rendered articles/_form.html.erb (Duration: 4.2ms | GC: 0.0ms)
  Rendered articles/new.html.erb within layouts/application (Duration: 7.2ms | GC: 0.0ms)
  Rendered layout layouts/application.html.erb (Duration: 7.4ms | GC: 0.0ms)
Completed 200 OK in 59ms (Views: 7.7ms | ActiveRecord: 0.0ms (0 queries, 0 cached) | GC: 2.7ms)


Started POST "/articles" for 127.0.0.1 at 2025-06-16 13:42:16 -0600
Processing by ArticlesController#create as HTML
  Parameters: {"authenticity_token" => "[FILTERED]", "article" => {"title" => "natalie's blog", "author" => "Natalie", "url" => "https://dixonnataliej.github.io/"}, "commit" => "Create Article"}
  [1m[36mTRANSACTION (0.3ms)[0m  [1m[35mBEGIN /*action='create',application='NatalieNews',controller='articles'*/[0m
  ↳ app/controllers/articles_controller.rb:28:in 'block in ArticlesController#create'
  [1m[36mArticle Create (6.5ms)[0m  [1m[32mINSERT INTO "articles" ("title", "url", "created_at", "updated_at", "author", "date_posted") VALUES ('natalie''s blog', 'https://dixonnataliej.github.io/', '2025-06-16 19:42:16.438716', '2025-06-16 19:42:16.438716', 'Natalie', '2025-06-16 19:42:16.425212') RETURNING "id" /*action='create',application='NatalieNews',controller='articles'*/[0m
  ↳ app/controllers/articles_controller.rb:28:in 'block in ArticlesController#create'
  [1m[36mTRANSACTION (1.9ms)[0m  [1m[35mCOMMIT /*action='create',application='NatalieNews',controller='articles'*/[0m
  ↳ app/controllers/articles_controller.rb:28:in 'block in ArticlesController#create'
Redirected to http://localhost:3000/articles/8
Completed 302 Found in 56ms (ActiveRecord: 8.7ms (1 query, 0 cached) | GC: 3.2ms)


Started GET "/articles/8" for 127.0.0.1 at 2025-06-16 13:42:16 -0600
Processing by ArticlesController#show as HTML
  Parameters: {"id" => "8"}
  [1m[36mArticle Load (0.3ms)[0m  [1m[34mSELECT "articles".* FROM "articles" WHERE "articles"."id" = 8 LIMIT 1 /*action='show',application='NatalieNews',controller='articles'*/[0m
  ↳ app/controllers/articles_controller.rb:64:in 'ArticlesController#set_article'
  Rendering layout layouts/application.html.erb
  Rendering articles/show.html.erb within layouts/application
  Rendered articles/_article.html.erb (Duration: 0.2ms | GC: 0.0ms)
  Rendered articles/show.html.erb within layouts/application (Duration: 0.7ms | GC: 0.0ms)
  Rendered layout layouts/application.html.erb (Duration: 1.2ms | GC: 0.0ms)
Completed 200 OK in 23ms (Views: 1.4ms | ActiveRecord: 0.3ms (1 query, 0 cached) | GC: 0.0ms)


Started GET "/articles" for 127.0.0.1 at 2025-06-16 13:42:18 -0600
Processing by ArticlesController#index as HTML
  Rendering layout layouts/application.html.erb
  Rendering articles/index.html.erb within layouts/application
  [1m[36mArticle Load (0.4ms)[0m  [1m[34mSELECT "articles".* FROM "articles" /*action='index',application='NatalieNews',controller='articles'*/[0m
  ↳ app/views/articles/index.html.erb:8
  Rendered articles/_article.html.erb (Duration: 0.1ms | GC: 0.0ms)
  Rendered articles/_article.html.erb (Duration: 0.1ms | GC: 0.0ms)
  Rendered articles/_article.html.erb (Duration: 0.1ms | GC: 0.0ms)
  Rendered articles/_article.html.erb (Duration: 0.1ms | GC: 0.0ms)
  Rendered articles/index.html.erb within layouts/application (Duration: 2.5ms | GC: 0.0ms)
  Rendered layout layouts/application.html.erb (Duration: 2.9ms | GC: 0.0ms)
Completed 200 OK in 48ms (Views: 2.8ms | ActiveRecord: 0.4ms (1 query, 0 cached) | GC: 0.0ms)


